Using pre-set license
Built from '2020.2/staging' branch; Version is '2020.2.6f1 (8a2143876886) revision 9052483'; Using compiler version '192528614'; Build Type 'Release'
OS: 'Windows 10 Home; OS build 19041.928; Version 2004; 64bit' Language: 'en' Physical Memory: 16276 MB
BatchMode: 1, IsHumanControllingUs: 0, StartBugReporterOnCrash: 0, Is64bit: 1, IsPro: 0

 COMMAND LINE ARGUMENTS:
E:\ProgramFiles\2020.2.6f1\Editor\Unity.exe
-adb2
-batchMode
-noUpm
-name
AssetImportWorker0
-projectPath
C:/Users/Legion/Downloads/DIPRI-main/DIPRI-main/Projekt
-logFile
Logs/AssetImportWorker0.log
-srvPort
53202
Successfully changed project path to: C:/Users/Legion/Downloads/DIPRI-main/DIPRI-main/Projekt
C:/Users/Legion/Downloads/DIPRI-main/DIPRI-main/Projekt
Using Asset Import Pipeline V2.
Refreshing native plugins compatible for Editor in 40.23 ms, found 0 plugins.
Preloading 0 native plugins for Editor in 0.00 ms.
Initialize engine version: 2020.2.6f1 (8a2143876886)
[Subsystems] Discovering subsystems at path E:/ProgramFiles/2020.2.6f1/Editor/Data/Resources/UnitySubsystems
[Subsystems] Discovering subsystems at path C:/Users/Legion/Downloads/DIPRI-main/DIPRI-main/Projekt/Assets
GfxDevice: creating device client; threaded=0
Direct3D:
    Version:  Direct3D 11.0 [level 11.1]
    Renderer: NVIDIA GeForce GTX 1060 with Max-Q Design (ID=0x1c20)
    Vendor:   
    VRAM:     6052 MB
    Driver:   26.21.14.4587
Initialize mono
Mono path[0] = 'E:/ProgramFiles/2020.2.6f1/Editor/Data/Managed'
Mono path[1] = 'E:/ProgramFiles/2020.2.6f1/Editor/Data/MonoBleedingEdge/lib/mono/unityjit'
Mono config path = 'E:/ProgramFiles/2020.2.6f1/Editor/Data/MonoBleedingEdge/etc'
Using monoOptions --debugger-agent=transport=dt_socket,embedding=1,server=y,suspend=n,address=127.0.0.1:56100
Begin MonoManager ReloadAssembly
Registering precompiled unity dll's ...
Register platform support module: E:/ProgramFiles/2020.2.6f1/Editor/Data/PlaybackEngines/WindowsStandaloneSupport/UnityEditor.WindowsStandalone.Extensions.dll
Registered in 0.001267 seconds.
Native extension for WindowsStandalone target not found
Refreshing native plugins compatible for Editor in 33.44 ms, found 0 plugins.
Preloading 0 native plugins for Editor in 0.00 ms.
Invoked RoslynAnalysisRunner static constructor.
RoslynAnalysisRunner will not be running.
RoslynAnalysisRunner has terminated.
Mono: successfully reloaded assembly
- Completed reload, in  1.142 seconds
Platform modules already initialized, skipping
Registering precompiled user dll's ...
Registered in 0.000950 seconds.
Begin MonoManager ReloadAssembly
Native extension for WindowsStandalone target not found
Refreshing native plugins compatible for Editor in 0.24 ms, found 0 plugins.
Preloading 0 native plugins for Editor in 0.00 ms.
Invoked RoslynAnalysisRunner static constructor.
RoslynAnalysisRunner will not be running.
RoslynAnalysisRunner has terminated.
Mono: successfully reloaded assembly
- Completed reload, in  1.059 seconds
Platform modules already initialized, skipping
========================================================================
Worker process is ready to serve import requests
Launched and connected shader compiler UnityShaderCompiler.exe after 0.13 seconds
Refreshing native plugins compatible for Editor in 0.34 ms, found 0 plugins.
Preloading 0 native plugins for Editor in 0.00 ms.
Unloading 1107 Unused Serialized files (Serialized files now loaded: 0)
System memory in use before: 57.9 MB.
System memory in use after: 57.9 MB.

Unloading 10 unused Assets to reduce memory usage. Loaded Objects now: 1553.
Total: 5.289800 ms (FindLiveObjects: 0.259600 ms CreateObjectMapping: 0.129100 ms MarkObjects: 4.771200 ms  DeleteObjects: 0.127700 ms)

========================================================================
Received Import Request.
  path: Assets/Scripts/DoorOpen.cs
  artifactKey: Guid(82f498ea92520f846b5dcc5026b9cf33) Importer(815301076,1909f56bfc062723c751e8b465ee728b)
Start importing Assets/Scripts/DoorOpen.cs using Guid(82f498ea92520f846b5dcc5026b9cf33) Importer(815301076,1909f56bfc062723c751e8b465ee728b)  -> (artifact id: '6312daebcf016655b18a49f024cfffef') in 0.295135 seconds
  Import took 0.302698 seconds .

========================================================================
Received Import Request.
  Time since last request: 275.171948 seconds.
  path: Assets/BloodDecalsAndEffects/BloodGushFX/BloodSprayFX.prefab
  artifactKey: Guid(d32aa916f50cac94db11e6f19821a58f) Importer(815301076,1909f56bfc062723c751e8b465ee728b)
Start importing Assets/BloodDecalsAndEffects/BloodGushFX/BloodSprayFX.prefab using Guid(d32aa916f50cac94db11e6f19821a58f) Importer(815301076,1909f56bfc062723c751e8b465ee728b)  -> (artifact id: '1eb6c4ba6c7793b125fe6292b75339b5') in 0.037038 seconds
  Import took 0.040515 seconds .

========================================================================
Received Import Request.
  Time since last request: 0.000382 seconds.
  path: Assets/BloodDecalsAndEffects/BloodGushFX/BloodSprayFX_Extra.prefab
  artifactKey: Guid(3c657dedc43d33a4987fbf09e6363067) Importer(815301076,1909f56bfc062723c751e8b465ee728b)
Start importing Assets/BloodDecalsAndEffects/BloodGushFX/BloodSprayFX_Extra.prefab using Guid(3c657dedc43d33a4987fbf09e6363067) Importer(815301076,1909f56bfc062723c751e8b465ee728b)  -> (artifact id: 'e84c342ea260592eaf2f44db8a5041e1') in 0.010229 seconds
  Import took 0.012507 seconds .

========================================================================
Received Import Request.
  Time since last request: 0.000333 seconds.
  path: Assets/BloodDecalsAndEffects/BloodGushFX/BloodSprayFX_Colormodifyable.prefab
  artifactKey: Guid(532c8be46e6660e49a9e48ce60e82441) Importer(815301076,1909f56bfc062723c751e8b465ee728b)
Start importing Assets/BloodDecalsAndEffects/BloodGushFX/BloodSprayFX_Colormodifyable.prefab using Guid(532c8be46e6660e49a9e48ce60e82441) Importer(815301076,1909f56bfc062723c751e8b465ee728b)  -> (artifact id: 'd08f27b99e77a325934ef13fb2600dd6') in 0.012104 seconds
  Import took 0.014714 seconds .

========================================================================
Received Import Request.
  Time since last request: 0.000286 seconds.
  path: Assets/BloodDecalsAndEffects/BloodGushFX/ChunkParticleSystem.prefab
  artifactKey: Guid(d5f26854a8904624c8073139cd2eb346) Importer(815301076,1909f56bfc062723c751e8b465ee728b)
Start importing Assets/BloodDecalsAndEffects/BloodGushFX/ChunkParticleSystem.prefab using Guid(d5f26854a8904624c8073139cd2eb346) Importer(815301076,1909f56bfc062723c751e8b465ee728b)  -> (artifact id: 'd3bcda6f875c41769ab198f3c44351bb') in 0.013166 seconds
  Import took 0.114972 seconds .

========================================================================
Received Import Request.
  Time since last request: 2.702586 seconds.
  path: Assets/BloodDecalsAndEffects/BloodGushFX/BloodPartcleFX_Scene.unity
  artifactKey: Guid(cb2d6e429ca112f499e1db771d5bd27c) Importer(815301076,1909f56bfc062723c751e8b465ee728b)
Start importing Assets/BloodDecalsAndEffects/BloodGushFX/BloodPartcleFX_Scene.unity using Guid(cb2d6e429ca112f499e1db771d5bd27c) Importer(815301076,1909f56bfc062723c751e8b465ee728b)  -> (artifact id: 'b42196bf5452331fc26a5cd948c12efa') in 0.010335 seconds
  Import took 0.012533 seconds .

========================================================================
Received Import Request.
  Time since last request: 6.943379 seconds.
  path: Assets/BloodDecalsAndEffects/BloodGushFX/brainsAndBlood/Materials
  artifactKey: Guid(0592503887484874799a4ef4ae0e5cbf) Importer(815301076,1909f56bfc062723c751e8b465ee728b)
Start importing Assets/BloodDecalsAndEffects/BloodGushFX/brainsAndBlood/Materials using Guid(0592503887484874799a4ef4ae0e5cbf) Importer(815301076,1909f56bfc062723c751e8b465ee728b)  -> (artifact id: '33d95475ff781bad6c90499a2a6cb7a3') in 0.012509 seconds
  Import took 0.017048 seconds .

========================================================================
Received Import Request.
  Time since last request: 0.572501 seconds.
  path: Assets/BloodDecalsAndEffects/BloodGushFX/brainsAndBlood/Materials/Brains_Material.mat
  artifactKey: Guid(53bcb426812ccb244ac869c8d55fcc21) Importer(815301076,1909f56bfc062723c751e8b465ee728b)
Start importing Assets/BloodDecalsAndEffects/BloodGushFX/brainsAndBlood/Materials/Brains_Material.mat using Guid(53bcb426812ccb244ac869c8d55fcc21) Importer(815301076,1909f56bfc062723c751e8b465ee728b)  -> (artifact id: '4b12a85412803ec888c4cc7fa030093e') in 0.142003 seconds
  Import took 0.144778 seconds .

========================================================================
Received Import Request.
  Time since last request: 9.839641 seconds.
  path: Assets/BloodDecalsAndEffects/BloodGushFX/brainsAndBlood/Textures/Brains_Diffuse.png
  artifactKey: Guid(204abc37f1ef2084c8551a7afbe60edc) Importer(815301076,1909f56bfc062723c751e8b465ee728b)
Start importing Assets/BloodDecalsAndEffects/BloodGushFX/brainsAndBlood/Textures/Brains_Diffuse.png using Guid(204abc37f1ef2084c8551a7afbe60edc) Importer(815301076,1909f56bfc062723c751e8b465ee728b)  -> (artifact id: '590b83f62a5bcd2a35ec5dd2c3602d19') in 0.172390 seconds
  Import took 0.175240 seconds .

========================================================================
Received Import Request.
  Time since last request: 0.000437 seconds.
  path: Assets/BloodDecalsAndEffects/BloodGushFX/brainsAndBlood/Textures/Brains_Gloss.png
  artifactKey: Guid(19b640978e503864fb00091c821c4935) Importer(815301076,1909f56bfc062723c751e8b465ee728b)
Start importing Assets/BloodDecalsAndEffects/BloodGushFX/brainsAndBlood/Textures/Brains_Gloss.png using Guid(19b640978e503864fb00091c821c4935) Importer(815301076,1909f56bfc062723c751e8b465ee728b)  -> (artifact id: '76e3c38b21dcb75f3f21558769090fe2') in 0.015422 seconds
  Import took 0.018956 seconds .

========================================================================
Received Import Request.
  Time since last request: 0.000288 seconds.
  path: Assets/BloodDecalsAndEffects/BloodGushFX/brainsAndBlood/Textures/Brains_SpecGloss.png
  artifactKey: Guid(3d94dcdf086297049943a0b0e7566fad) Importer(815301076,1909f56bfc062723c751e8b465ee728b)
Start importing Assets/BloodDecalsAndEffects/BloodGushFX/brainsAndBlood/Textures/Brains_SpecGloss.png using Guid(3d94dcdf086297049943a0b0e7566fad) Importer(815301076,1909f56bfc062723c751e8b465ee728b)  -> (artifact id: '310d3405d04f2610356d83d2bd03f5f8') in 0.019794 seconds
  Import took 0.022768 seconds .

========================================================================
Received Import Request.
  Time since last request: 0.000344 seconds.
  path: Assets/BloodDecalsAndEffects/BloodGushFX/brainsAndBlood/Textures/Brains_Normal.png
  artifactKey: Guid(4cba40c9f7d32254585baf3702bf4507) Importer(815301076,1909f56bfc062723c751e8b465ee728b)
Start importing Assets/BloodDecalsAndEffects/BloodGushFX/brainsAndBlood/Textures/Brains_Normal.png using Guid(4cba40c9f7d32254585baf3702bf4507) Importer(815301076,1909f56bfc062723c751e8b465ee728b)  -> (artifact id: '725bddf642feb2421f2553a0bf0dce8e') in 0.021819 seconds
  Import took 0.024268 seconds .

========================================================================
Received Import Request.
  Time since last request: 0.000464 seconds.
  path: Assets/BloodDecalsAndEffects/BloodGushFX/brainsAndBlood/Textures/Brains_Displacement.png
  artifactKey: Guid(16c53fef92528674fbf2fab05e0bf9a7) Importer(815301076,1909f56bfc062723c751e8b465ee728b)
Start importing Assets/BloodDecalsAndEffects/BloodGushFX/brainsAndBlood/Textures/Brains_Displacement.png using Guid(16c53fef92528674fbf2fab05e0bf9a7) Importer(815301076,1909f56bfc062723c751e8b465ee728b)  -> (artifact id: '6ab8e2062a35a3051dc24ede7a01c1fe') in 0.019375 seconds
  Import took 0.023018 seconds .

========================================================================
Received Import Request.
  Time since last request: 149.892781 seconds.
  path: Assets/shepherds-whip-handle/textures/32267_mek_albedo.png
  artifactKey: Guid(f52e3787054a5474a8262e3b9d3cc35e) Importer(815301076,1909f56bfc062723c751e8b465ee728b)
Start importing Assets/shepherds-whip-handle/textures/32267_mek_albedo.png using Guid(f52e3787054a5474a8262e3b9d3cc35e) Importer(815301076,1909f56bfc062723c751e8b465ee728b)  -> (artifact id: '3aab77bebfed02be457c53e7950e7738') in 0.021637 seconds
  Import took 0.024153 seconds .

========================================================================
Received Import Request.
  Time since last request: 0.000332 seconds.
  path: Assets/shepherds-whip-handle/textures/drewno_roughness.png
  artifactKey: Guid(cb3de8e9ab2b7f8428a16aa832cc34ad) Importer(815301076,1909f56bfc062723c751e8b465ee728b)
Start importing Assets/shepherds-whip-handle/textures/drewno_roughness.png using Guid(cb3de8e9ab2b7f8428a16aa832cc34ad) Importer(815301076,1909f56bfc062723c751e8b465ee728b)  -> (artifact id: '2cb0d23f37f4b18660493634e743fe60') in 0.013122 seconds
  Import took 0.015019 seconds .

========================================================================
Received Import Request.
  Time since last request: 0.000344 seconds.
  path: Assets/shepherds-whip-handle/textures/drewno_metallic.png
  artifactKey: Guid(a69b58ea91db0d2499ca7a16f0739bf8) Importer(815301076,1909f56bfc062723c751e8b465ee728b)
Start importing Assets/shepherds-whip-handle/textures/drewno_metallic.png using Guid(a69b58ea91db0d2499ca7a16f0739bf8) Importer(815301076,1909f56bfc062723c751e8b465ee728b)  -> (artifact id: '55a87b972ca6bde9d91dd116d5a4911e') in 0.015276 seconds
  Import took 0.017835 seconds .

========================================================================
Received Import Request.
  Time since last request: 0.000367 seconds.
  path: Assets/shepherds-whip-handle/textures/drewno_bump.png
  artifactKey: Guid(f796c0c9d9abe334897b0544c81ee0f8) Importer(815301076,1909f56bfc062723c751e8b465ee728b)
Start importing Assets/shepherds-whip-handle/textures/drewno_bump.png using Guid(f796c0c9d9abe334897b0544c81ee0f8) Importer(815301076,1909f56bfc062723c751e8b465ee728b)  -> (artifact id: 'ed87d5fafd7f5fbd08b0ba0643ee59bc') in 0.017795 seconds
  Import took 0.023179 seconds .

========================================================================
Received Import Request.
  Time since last request: 10.315296 seconds.
  path: Assets/shepherds-whip-handle/source/32267_mek_final.zip
  artifactKey: Guid(2ac27bc62cef4114b8067ccc6f66414f) Importer(815301076,1909f56bfc062723c751e8b465ee728b)
Start importing Assets/shepherds-whip-handle/source/32267_mek_final.zip using Guid(2ac27bc62cef4114b8067ccc6f66414f) Importer(815301076,1909f56bfc062723c751e8b465ee728b)  -> (artifact id: '86cfdb7f51dd951e3abd44df98554ffc') in 0.016979 seconds
  Import took 0.019180 seconds .

========================================================================
Received Import Request.
  Time since last request: 23.050406 seconds.
  path: Assets/shepherds-whip-handle/source/32267_mek_final
  artifactKey: Guid(371d4109831cbeb4499cd576f33602c5) Importer(815301076,1909f56bfc062723c751e8b465ee728b)
Start importing Assets/shepherds-whip-handle/source/32267_mek_final using Guid(371d4109831cbeb4499cd576f33602c5) Importer(815301076,1909f56bfc062723c751e8b465ee728b)  -> (artifact id: 'fd45d014d5286c0d1a99799e0ecb1813') in 0.003867 seconds
  Import took 0.006677 seconds .

========================================================================
Received Import Request.
  Time since last request: 0.000676 seconds.
  path: Assets/shepherds-whip-handle/source/32267_mek_final
  artifactKey: Guid(371d4109831cbeb4499cd576f33602c5) Importer(815301076,1909f56bfc062723c751e8b465ee728b)
Start importing Assets/shepherds-whip-handle/source/32267_mek_final using Guid(371d4109831cbeb4499cd576f33602c5) Importer(815301076,1909f56bfc062723c751e8b465ee728b)  -> (artifact id: 'fd45d014d5286c0d1a99799e0ecb1813') in 0.002433 seconds
  Import took 0.004907 seconds .

========================================================================
Received Import Request.
  Time since last request: 0.063124 seconds.
  path: Assets/shepherds-whip-handle/source/32267_mek_final/32267_mek_zbuv.OBJ
  artifactKey: Guid(10e85ec4bfb09db46a3f8319736f339e) Importer(815301076,1909f56bfc062723c751e8b465ee728b)
Start importing Assets/shepherds-whip-handle/source/32267_mek_final/32267_mek_zbuv.OBJ using Guid(10e85ec4bfb09db46a3f8319736f339e) Importer(815301076,1909f56bfc062723c751e8b465ee728b)  -> (artifact id: '86ffbe08daca795a64b97e2673a97b95') in 0.225157 seconds
  Import took 0.227853 seconds .

========================================================================
Received Prepare
Registering precompiled user dll's ...
Registered in 0.000909 seconds.
Begin MonoManager ReloadAssembly
Native extension for WindowsStandalone target not found
Refreshing native plugins compatible for Editor in 0.21 ms, found 0 plugins.
Preloading 0 native plugins for Editor in 0.00 ms.
Invoked RoslynAnalysisRunner static constructor.
RoslynAnalysisRunner will not be running.
RoslynAnalysisRunner has terminated.
Mono: successfully reloaded assembly
- Completed reload, in  0.941 seconds
Platform modules already initialized, skipping
Refreshing native plugins compatible for Editor in 0.21 ms, found 0 plugins.
Preloading 0 native plugins for Editor in 0.00 ms.
Unloading 1102 Unused Serialized files (Serialized files now loaded: 0)
System memory in use before: 61.4 MB.
System memory in use after: 61.5 MB.

Unloading 5 unused Assets to reduce memory usage. Loaded Objects now: 1602.
Total: 2.480700 ms (FindLiveObjects: 0.211200 ms CreateObjectMapping: 0.085300 ms MarkObjects: 2.055500 ms  DeleteObjects: 0.127200 ms)

========================================================================
Received Prepare
Registering precompiled user dll's ...
Registered in 0.000852 seconds.
Begin MonoManager ReloadAssembly
Native extension for WindowsStandalone target not found
Refreshing native plugins compatible for Editor in 0.29 ms, found 0 plugins.
Preloading 0 native plugins for Editor in 0.00 ms.
Invoked RoslynAnalysisRunner static constructor.
RoslynAnalysisRunner will not be running.
RoslynAnalysisRunner has terminated.
Mono: successfully reloaded assembly
- Completed reload, in  0.826 seconds
Platform modules already initialized, skipping
Refreshing native plugins compatible for Editor in 0.25 ms, found 0 plugins.
Preloading 0 native plugins for Editor in 0.00 ms.
Unloading 1102 Unused Serialized files (Serialized files now loaded: 0)
System memory in use before: 61.5 MB.
System memory in use after: 61.5 MB.

Unloading 5 unused Assets to reduce memory usage. Loaded Objects now: 1604.
Total: 2.805000 ms (FindLiveObjects: 0.228000 ms CreateObjectMapping: 0.069300 ms MarkObjects: 2.440100 ms  DeleteObjects: 0.063900 ms)

========================================================================
Received Prepare
Registering precompiled user dll's ...
Registered in 0.000827 seconds.
Begin MonoManager ReloadAssembly
Native extension for WindowsStandalone target not found
Refreshing native plugins compatible for Editor in 0.36 ms, found 0 plugins.
Preloading 0 native plugins for Editor in 0.00 ms.
Invoked RoslynAnalysisRunner static constructor.
RoslynAnalysisRunner will not be running.
RoslynAnalysisRunner has terminated.
Mono: successfully reloaded assembly
- Completed reload, in  1.080 seconds
Platform modules already initialized, skipping
Refreshing native plugins compatible for Editor in 0.20 ms, found 0 plugins.
Preloading 0 native plugins for Editor in 0.00 ms.
Unloading 1102 Unused Serialized files (Serialized files now loaded: 0)
System memory in use before: 61.5 MB.
System memory in use after: 61.6 MB.

Unloading 5 unused Assets to reduce memory usage. Loaded Objects now: 1606.
Total: 2.076200 ms (FindLiveObjects: 0.197600 ms CreateObjectMapping: 0.034100 ms MarkObjects: 1.728300 ms  DeleteObjects: 0.114800 ms)

========================================================================
Received Prepare
Registering precompiled user dll's ...
Registered in 0.000710 seconds.
Begin MonoManager ReloadAssembly
Native extension for WindowsStandalone target not found
Refreshing native plugins compatible for Editor in 0.20 ms, found 0 plugins.
Preloading 0 native plugins for Editor in 0.00 ms.
Invoked RoslynAnalysisRunner static constructor.
RoslynAnalysisRunner will not be running.
RoslynAnalysisRunner has terminated.
Mono: successfully reloaded assembly
- Completed reload, in  0.809 seconds
Platform modules already initialized, skipping
Refreshing native plugins compatible for Editor in 0.22 ms, found 0 plugins.
Preloading 0 native plugins for Editor in 0.00 ms.
Unloading 1102 Unused Serialized files (Serialized files now loaded: 0)
System memory in use before: 61.5 MB.
System memory in use after: 61.6 MB.

Unloading 5 unused Assets to reduce memory usage. Loaded Objects now: 1608.
Total: 1.981800 ms (FindLiveObjects: 0.172700 ms CreateObjectMapping: 0.035000 ms MarkObjects: 1.664400 ms  DeleteObjects: 0.108600 ms)

========================================================================
Received Prepare
Registering precompiled user dll's ...
Registered in 0.000756 seconds.
Begin MonoManager ReloadAssembly
Native extension for WindowsStandalone target not found
Refreshing native plugins compatible for Editor in 0.47 ms, found 0 plugins.
Preloading 0 native plugins for Editor in 0.00 ms.
Invoked RoslynAnalysisRunner static constructor.
RoslynAnalysisRunner will not be running.
RoslynAnalysisRunner has terminated.
Mono: successfully reloaded assembly
- Completed reload, in  0.767 seconds
Platform modules already initialized, skipping
Refreshing native plugins compatible for Editor in 0.34 ms, found 0 plugins.
Preloading 0 native plugins for Editor in 0.00 ms.
Unloading 1102 Unused Serialized files (Serialized files now loaded: 0)
System memory in use before: 61.5 MB.
System memory in use after: 61.6 MB.

Unloading 5 unused Assets to reduce memory usage. Loaded Objects now: 1610.
Total: 1.882800 ms (FindLiveObjects: 0.223200 ms CreateObjectMapping: 0.034300 ms MarkObjects: 1.514400 ms  DeleteObjects: 0.110000 ms)

========================================================================
Received Prepare
Registering precompiled user dll's ...
Registered in 0.000751 seconds.
Begin MonoManager ReloadAssembly
Error: Could not load signature of Packages.Rider.Editor.UnitTesting.SyncTestRunCallback:RunStarted due to: Could not load file or assembly 'nunit.framework, Version=3.5.0.0, Culture=neutral, PublicKeyToken=2638cd05610744eb' or one of its dependencies. assembly:nunit.framework, Version=3.5.0.0, Culture=neutral, PublicKeyToken=2638cd05610744eb type:<unknown type> member:(null) signature:<none>

Error: Could not load signature of UnityEngine.TestRunner.ITestRunCallback:RunStarted due to: Could not load file or assembly 'nunit.framework, Version=3.5.0.0, Culture=neutral, PublicKeyToken=2638cd05610744eb' or one of its dependencies. assembly:nunit.framework, Version=3.5.0.0, Culture=neutral, PublicKeyToken=2638cd05610744eb type:<unknown type> member:(null) signature:<none>

Unloading broken assembly Library/ScriptAssemblies/Unity.Rider.Editor.dll, this assembly can cause crashes in the runtime

Unloading broken assembly Library/ScriptAssemblies/UnityEditor.TestRunner.dll, this assembly can cause crashes in the runtime

Unloading broken assembly Library/ScriptAssemblies/UnityEngine.TestRunner.dll, this assembly can cause crashes in the runtime

Native extension for WindowsStandalone target not found
Refreshing native plugins compatible for Editor in 0.31 ms, found 0 plugins.
Preloading 0 native plugins for Editor in 0.00 ms.
TypeLoadException: Could not load array element type, due to: Could not load type of field 'Packages.Rider.Editor.UnitTesting.TestEvent:testStatus' (4) due to: Could not load file or assembly 'nunit.framework, Version=3.5.0.0, Culture=neutral, PublicKeyToken=2638cd05610744eb' or one of its dependencies. assembly:nunit.framework, Version=3.5.0.0, Culture=neutral, PublicKeyToken=2638cd05610744eb type:<unknown type> member:(null) signature:<none> assembly:C:\Users\Legion\Downloads\DIPRI-main\DIPRI-main\Projekt\Library\ScriptAssemblies\Unity.Rider.Editor.dll type:TestEvent member:(null) signature:<none>
  at System.Collections.Generic.List`1[T]..cctor () [0x00000] in <eae584ce26bc40229c1b1aa476bfa589>:0 
Rethrow as TypeInitializationException: The type initializer for 'System.Collections.Generic.List`1' threw an exception.
  at Packages.Rider.Editor.UnitTesting.CallbackData..ctor () [0x00000] in C:\Users\Legion\Downloads\DIPRI-main\DIPRI-main\Projekt\Library\PackageCache\com.unity.ide.rider@2.0.7\Rider\Editor\UnitTesting\CallbackData.cs:23 
UnityEngine.ScriptableObject:CreateScriptableObjectInstanceFromType(Type, Boolean)
UnityEngine.ScriptableObject:CreateInstance(Type)
UnityEngine.ScriptableObject:CreateInstance()
UnityEditor.ScriptableSingleton`1:CreateAndLoad()
UnityEditor.ScriptableSingleton`1:get_instance()
Packages.Rider.Editor.UnitTesting.CallbackInitializer:.cctor() (at Library\PackageCache\com.unity.ide.rider@2.0.7\Rider\Editor\UnitTesting\CallbackInitializer.cs:13)
System.Runtime.CompilerServices.RuntimeHelpers:RunClassConstructor(IntPtr)
System.Runtime.CompilerServices.RuntimeHelpers:RunClassConstructor(RuntimeTypeHandle)
UnityEditor.EditorAssemblies:ProcessInitializeOnLoadAttributes(Type[])

System.NullReferenceException: Object reference not set to an instance of an object
  at Packages.Rider.Editor.UnitTesting.CallbackInitializer..cctor () [0x00000] in C:\Users\Legion\Downloads\DIPRI-main\DIPRI-main\Projekt\Library\PackageCache\com.unity.ide.rider@2.0.7\Rider\Editor\UnitTesting\CallbackInitializer.cs:13 
UnityEngine.StackTraceUtility:ExtractStackTrace ()
UnityEngine.DebugLogHandler:LogFormat (UnityEngine.LogType,UnityEngine.Object,string,object[])
UnityEngine.Logger:Log (UnityEngine.LogType,object)
UnityEngine.Debug:LogError (object)
UnityEditor.EditorAssemblies:ProcessInitializeOnLoadAttributes (System.Type[])

Invoked RoslynAnalysisRunner static constructor.
RoslynAnalysisRunner will not be running.
RoslynAnalysisRunner has terminated.
Mono: successfully reloaded assembly
- Completed reload, in  1.156 seconds
Platform modules already initialized, skipping
Refreshing native plugins compatible for Editor in 0.28 ms, found 0 plugins.
Preloading 0 native plugins for Editor in 0.00 ms.
Unloading 1 Unused Serialized files (Serialized files now loaded: 0)
System memory in use before: 31.7 MB.
System memory in use after: 31.7 MB.

Unloading 0 unused Assets to reduce memory usage. Loaded Objects now: 513.
Total: 2.292000 ms (FindLiveObjects: 0.062400 ms CreateObjectMapping: 0.003900 ms MarkObjects: 2.219500 ms  DeleteObjects: 0.004600 ms)

